2024-11-329 23:29:32 [main] INFO com.ui.listeners.TestListener Test suite started 
2024-11-329 23:29:46 [TestNG-test=UI Automation Test-1] INFO com.ui.listeners.TestListener loginTest 
2024-11-329 23:29:46 [TestNG-test=UI Automation Test-1] INFO com.ui.listeners.TestListener verify if a valid user is able to login to the application 
2024-11-329 23:29:46 [TestNG-test=UI Automation Test-1] INFO com.ui.listeners.TestListener [e2e, sanity] 
2024-11-329 23:29:46 [TestNG-test=UI Automation Test-1] INFO com.ui.pages.HomePage Performing click action to go to Login Page 
2024-11-329 23:29:47 [TestNG-test=UI Automation Test-1] INFO com.ui.pages.LoginPage Entering user credentials to sign in to user Myaccount Page 
2024-11-329 23:29:48 [TestNG-test=UI Automation Test-1] INFO com.ui.pages.MyAccountPage Checking user profile name 
2024-11-329 23:29:49 [TestNG-test=UI Automation Test-1] ERROR com.ui.listeners.TestListener loginTest FAILED 
2024-11-329 23:29:49 [TestNG-test=UI Automation Test-1] ERROR com.ui.listeners.TestListener no such element: Unable to locate element: {"method":"xpath","selector":"//a[@title = "View my customer account"]/span"}
  (Session info: chrome=127.0.6533.73)
For documentation on this error, please visit: https://www.selenium.dev/documentation/webdriver/troubleshooting/errors#no-such-element-exception
Build info: version: '4.25.0', revision: '8a8aea2337'
System info: os.name: 'Windows 10', os.arch: 'amd64', os.version: '10.0', java.version: '11.0.1'
Driver info: org.openqa.selenium.remote.RemoteWebDriver
Command: [8a7647dc455b28157f93ab46c0b5b9b9, findElement {using=xpath, value=//a[@title = "View my customer account"]/span}]
Capabilities {acceptInsecureCerts: false, browserName: chrome, browserVersion: 127.0.6533.73, chrome: {chromedriverVersion: 127.0.6533.57 (d4459446bf8a..., userDataDir: C:\Program Files (x86)\scop...}, fedcm:accounts: true, goog:chromeOptions: {debuggerAddress: localhost:9225}, networkConnectionEnabled: false, pageLoadStrategy: normal, platformName: Windows XP, proxy: Proxy(), se:bidiEnabled: false, se:cdp: wss://cdp-eu.lambdatest.com..., se:cdpVersion: 127.0.6533.73, setWindowRect: true, strictFileInteractability: false, timeouts: {implicit: 0, pageLoad: 300000, script: 30000}, unhandledPromptBehavior: dismiss and notify, webauthn:extension:credBlob: true, webauthn:extension:largeBlob: true, webauthn:extension:minPinLength: true, webauthn:extension:prf: true, webauthn:virtualAuthenticators: true}
Session ID: 8a7647dc455b28157f93ab46c0b5b9b9 
2024-11-329 23:29:49 [TestNG-test=UI Automation Test-1] INFO com.ui.listeners.TestListener Capturing screenshot for the failed tests 
2024-11-329 23:29:49 [TestNG-test=UI Automation Test-1] INFO com.ui.listeners.TestListener Attaching screenshot to the HTML file 
2024-11-329 23:30:02 [TestNG-test=UI Automation Test-1] INFO com.ui.listeners.TestListener loginTest 
2024-11-329 23:30:02 [TestNG-test=UI Automation Test-1] INFO com.ui.listeners.TestListener verify if a valid user is able to login to the application 
2024-11-329 23:30:02 [TestNG-test=UI Automation Test-1] INFO com.ui.listeners.TestListener [e2e, sanity] 
2024-11-329 23:30:02 [TestNG-test=UI Automation Test-1] INFO com.ui.pages.HomePage Performing click action to go to Login Page 
2024-11-329 23:30:03 [TestNG-test=UI Automation Test-1] INFO com.ui.pages.LoginPage Entering user credentials to sign in to user Myaccount Page 
2024-11-329 23:30:04 [TestNG-test=UI Automation Test-1] INFO com.ui.pages.MyAccountPage Checking user profile name 
2024-11-329 23:30:04 [TestNG-test=UI Automation Test-1] INFO com.ui.listeners.TestListener loginTest PASSED 
2024-11-329 23:30:05 [main] INFO com.ui.listeners.TestListener Test suite completed 
